<?xml version="1.0" encoding="UTF-8"?>
<testng-results ignored="0" total="1" passed="1" failed="0" skipped="0">
  <reporter-output>
    <line>
      <![CDATA[TY_PROJ_2003]]>
    </line>
    <line>
      <![CDATA[data verification successful]]>
    </line>
  </reporter-output>
  <suite started-at="2022-02-13T11:49:19 IST" name="Default suite" finished-at="2022-02-13T11:49:22 IST" duration-ms="2975">
    <groups>
    </groups>
    <test started-at="2022-02-13T11:49:19 IST" name="Default test" finished-at="2022-02-13T11:49:22 IST" duration-ms="2975">
      <class name="com.RMGYantraTest.CreateResourceAndVerifyInDB">
        <test-method is-config="true" signature="bsConfig()[pri:0, instance:com.RMGYantraTest.CreateResourceAndVerifyInDB@5bd03f44]" started-at="2022-02-13T11:49:18 IST" name="bsConfig" finished-at="2022-02-13T11:49:19 IST" duration-ms="1326" status="PASS">
          <reporter-output>
          </reporter-output>
        </test-method> <!-- bsConfig -->
        <test-method signature="createResourceAndVerifyInDB()[pri:0, instance:com.RMGYantraTest.CreateResourceAndVerifyInDB@5bd03f44]" started-at="2022-02-13T11:49:19 IST" name="createResourceAndVerifyInDB" finished-at="2022-02-13T11:49:22 IST" duration-ms="2914" status="PASS">
          <reporter-output>
            <line>
              <![CDATA[TY_PROJ_2003]]>
            </line>
            <line>
              <![CDATA[data verification successful]]>
            </line>
          </reporter-output>
        </test-method> <!-- createResourceAndVerifyInDB -->
        <test-method is-config="true" signature="asConfig()[pri:0, instance:com.RMGYantraTest.CreateResourceAndVerifyInDB@5bd03f44]" started-at="2022-02-13T11:49:22 IST" name="asConfig" finished-at="2022-02-13T11:49:22 IST" duration-ms="10" status="PASS">
          <reporter-output>
          </reporter-output>
        </test-method> <!-- asConfig -->
      </class> <!-- com.RMGYantraTest.CreateResourceAndVerifyInDB -->
    </test> <!-- Default test -->
  </suite> <!-- Default suite -->
</testng-results>
